2025-11-29 13:36:25,181 - ERROR - Error evaluating expression: division by zero
2025-11-29 13:37:21,099 - INFO - Evaluated: 0.8888888888888888 = 0.8888888888888888
2025-11-29 13:37:26,791 - INFO - Evaluated: 5.333333333333333 = 5.333333333333333
2025-11-29 13:37:50,994 - INFO - Evaluated: 56 = 56
2025-11-29 13:37:57,858 - INFO - Evaluated: 50 = 50
2025-11-29 13:38:04,252 - INFO - Evaluated: 1800 = 1800
2025-11-29 13:38:12,758 - INFO - Evaluated: 16200 = 16200
2025-11-29 13:38:21,446 - INFO - Evaluated: 97200 = 97200
2025-11-29 13:38:23,502 - INFO - Evaluated: 583200 = 583200
2025-11-29 13:38:25,231 - INFO - Evaluated: 3499200 = 3499200
2025-11-29 13:38:28,615 - INFO - Evaluated: 3499200 = 3499200
2025-11-29 13:38:29,063 - INFO - Evaluated: 3499200 = 3499200
2025-11-29 13:38:29,223 - INFO - Evaluated: 3499200 = 3499200
2025-11-29 13:38:29,407 - INFO - Evaluated: 3499200 = 3499200
2025-11-29 13:38:29,567 - INFO - Evaluated: 3499200 = 3499200
2025-11-29 13:38:31,375 - INFO - Evaluated: 20995200 = 20995200
2025-11-29 13:38:33,319 - INFO - Evaluated: 125971200 = 125971200
2025-11-29 13:38:35,095 - INFO - Evaluated: 755827200 = 755827200
2025-11-29 13:38:41,759 - INFO - Evaluated: 10883802840883200 = 10883802840883200
2025-11-29 13:38:53,553 - INFO - Evaluated: 10883802840883199999999989116197159116800 = 10883802840883199999999989116197159116800
2025-11-29 13:38:58,970 - ERROR - Error evaluating expression: unexpected EOF while parsing (<string>, line 1)
2025-11-29 13:39:03,089 - ERROR - Error evaluating expression: unexpected EOF while parsing (<string>, line 0)
2025-11-29 13:39:03,331 - ERROR - Error evaluating expression: unexpected EOF while parsing (<string>, line 0)
2025-11-29 13:39:05,811 - INFO - Evaluated: 6 = 6
2025-11-29 13:39:06,611 - INFO - Evaluated: 6 = 6
2025-11-29 13:39:09,539 - INFO - Evaluated: 18 = 18
2025-11-29 13:39:13,661 - INFO - Evaluated: 1386 = 1386
2025-11-29 13:39:24,813 - INFO - Evaluated: 1077999999999999999999999999999999999999998922 = 1077999999999999999999999999999999999999998922
2025-11-29 13:39:27,102 - INFO - Evaluated: 6467999999999999999999999999999999999999993532 = 6467999999999999999999999999999999999999993532
2025-11-29 13:39:34,375 - ERROR - Error evaluating expression: invalid syntax (<string>, line 1)
2025-11-29 13:39:54,210 - INFO - Evaluated: 8999999999999999999999999999999999999999999999999999999999999991 = 8999999999999999999999999999999999999999999999999999999999999991
2025-11-29 13:40:04,532 - INFO - Evaluated: 8999999999999999999999999999999999999999999999999999999999999991 = 8999999999999999999999999999999999999999999999999999999999999991
2025-11-29 13:40:04,875 - INFO - Evaluated: 8999999999999999999999999999999999999999999999999999999999999991 = 8999999999999999999999999999999999999999999999999999999999999991
2025-11-29 13:40:05,076 - INFO - Evaluated: 8999999999999999999999999999999999999999999999999999999999999991 = 8999999999999999999999999999999999999999999999999999999999999991
2025-11-29 13:40:05,284 - INFO - Evaluated: 8999999999999999999999999999999999999999999999999999999999999991 = 8999999999999999999999999999999999999999999999999999999999999991
2025-11-29 13:40:09,917 - INFO - Evaluated: 8999999999999999999999999999999999999999999999999999999999999991 = 8999999999999999999999999999999999999999999999999999999999999991
2025-11-29 13:40:33,578 - INFO - Evaluated: 1799999999999999999999999999999999999999999999999999999999999998200000000000000000000000 = 1799999999999999999999999999999999999999999999999999999999999998200000000000000000000000
2025-11-29 13:40:48,715 - INFO - Evaluated: 1799999999999999999999999999999999999999999999999999999999999998200000000000000000000001 = 1799999999999999999999999999999999999999999999999999999999999998200000000000000000000001
2025-11-29 13:40:50,051 - INFO - Evaluated: 1799999999999999999999999999999999999999999999999999999999999998200000000000000000000001 = 1799999999999999999999999999999999999999999999999999999999999998200000000000000000000001
2025-11-29 13:40:50,227 - INFO - Evaluated: 1799999999999999999999999999999999999999999999999999999999999998200000000000000000000001 = 1799999999999999999999999999999999999999999999999999999999999998200000000000000000000001
2025-11-29 13:40:50,411 - INFO - Evaluated: 1799999999999999999999999999999999999999999999999999999999999998200000000000000000000001 = 1799999999999999999999999999999999999999999999999999999999999998200000000000000000000001
2025-11-29 13:40:50,604 - INFO - Evaluated: 1799999999999999999999999999999999999999999999999999999999999998200000000000000000000001 = 1799999999999999999999999999999999999999999999999999999999999998200000000000000000000001
2025-11-29 13:40:50,820 - INFO - Evaluated: 1799999999999999999999999999999999999999999999999999999999999998200000000000000000000001 = 1799999999999999999999999999999999999999999999999999999999999998200000000000000000000001
2025-11-29 13:41:02,834 - INFO - Evaluated: 1799999999999999999999999999999999999999999999999999999999999998200000000000000000000001 = 1799999999999999999999999999999999999999999999999999999999999998200000000000000000000001
2025-11-29 13:41:03,403 - INFO - Evaluated: 1799999999999999999999999999999999999999999999999999999999999998200000000000000000000001 = 1799999999999999999999999999999999999999999999999999999999999998200000000000000000000001
2025-11-29 13:41:03,570 - INFO - Evaluated: 1799999999999999999999999999999999999999999999999999999999999998200000000000000000000001 = 1799999999999999999999999999999999999999999999999999999999999998200000000000000000000001
2025-11-29 13:41:03,770 - INFO - Evaluated: 1799999999999999999999999999999999999999999999999999999999999998200000000000000000000001 = 1799999999999999999999999999999999999999999999999999999999999998200000000000000000000001
2025-11-29 13:41:03,947 - INFO - Evaluated: 1799999999999999999999999999999999999999999999999999999999999998200000000000000000000001 = 1799999999999999999999999999999999999999999999999999999999999998200000000000000000000001
2025-11-29 13:41:07,027 - ERROR - Error evaluating expression: unexpected EOF while parsing (<string>, line 1)
2025-11-29 13:41:13,138 - INFO - Evaluated: 6.3 = 6.3
2025-11-29 13:41:17,140 - INFO - Evaluated: 37.8 = 37.8
2025-11-29 13:41:21,965 - INFO - Evaluated: 251974.8 = 251974.8
